<?xml version="1.0" encoding="UTF-8"?>
<testsuite xmlns:xsi="http://www.w3.org/2001/XMLSchema-instance" xsi:noNamespaceSchemaLocation="https://maven.apache.org/surefire/maven-surefire-plugin/xsd/surefire-test-report-3.0.xsd" version="3.0" name="TestSuite" time="91.422" tests="1" errors="0" skipped="0" failures="1">
  <properties>
[...]
</properties>
  <testcase name="feature" classname="Trip.ClearTripDemo.TestRunner" time="89.955">
    <failure message="org.openqa.selenium.InvalidSelectorException: invalid selector: Unable to locate an element with the xpath expression //h6[text()=&apos;Enter your credit card details&apos;0] because of the following error:&#10;SyntaxError: Failed to execute &apos;evaluate&apos; on &apos;Document&apos;: The string &apos;//h6[text()=&apos;Enter your credit card details&apos;0]&apos; is not a valid XPath expression.&#10;  (Session info: chrome=86.0.4240.75)&#10;For documentation on this error, please visit: https://www.seleniumhq.org/exceptions/invalid_selector_exception.html&#10;Build info: version: &apos;4.0.0-alpha-3&apos;, revision: &apos;8c567de6dc&apos;&#10;System info: host: &apos;LAPTOP-T2PRLN5Q&apos;, ip: &apos;192.168.29.154&apos;, os.name: &apos;Windows 10&apos;, os.arch: &apos;amd64&apos;, os.version: &apos;10.0&apos;, java.version: &apos;1.8.0_171&apos;&#10;Driver info: org.openqa.selenium.chrome.ChromeDriver&#10;Capabilities {acceptInsecureCerts: false, browserName: chrome, browserVersion: 86.0.4240.75, chrome: {chromedriverVersion: 86.0.4240.22 (398b0743353ff..., userDataDir: C:\Users\Tushar\AppData\Loc...}, goog:chromeOptions: {debuggerAddress: localhost:52703}, javascriptEnabled: true, networkConnectionEnabled: false, pageLoadStrategy: normal, platform: WINDOWS, platformName: WINDOWS, proxy: Proxy(), setWindowRect: true, strictFileInteractability: false, timeouts: {implicit: 0, pageLoad: 300000, script: 30000}, unhandledPromptBehavior: dismiss and notify, webauthn:virtualAuthenticators: true}&#10;Session ID: 4088e2c4b5442a92ab1ca06b1c0b88c3&#10;*** Element info: {Using=xpath, value=//h6[text()=&apos;Enter your credit card details&apos;0]}" type="cucumber.runtime.CucumberException">cucumber.runtime.CucumberException: 
org.openqa.selenium.InvalidSelectorException: invalid selector: Unable to locate an element with the xpath expression //h6[text()='Enter your credit card details'0] because of the following error:
SyntaxError: Failed to execute 'evaluate' on 'Document': The string '//h6[text()='Enter your credit card details'0]' is not a valid XPath expression.
  (Session info: chrome=86.0.4240.75)
For documentation on this error, please visit: https://www.seleniumhq.org/exceptions/invalid_selector_exception.html
Build info: version: '4.0.0-alpha-3', revision: '8c567de6dc'
System info: host: 'LAPTOP-T2PRLN5Q', ip: '192.168.29.154', os.name: 'Windows 10', os.arch: 'amd64', os.version: '10.0', java.version: '1.8.0_171'
Driver info: org.openqa.selenium.chrome.ChromeDriver
Capabilities {acceptInsecureCerts: false, browserName: chrome, browserVersion: 86.0.4240.75, chrome: {chromedriverVersion: 86.0.4240.22 (398b0743353ff..., userDataDir: C:\Users\Tushar\AppData\Loc...}, goog:chromeOptions: {debuggerAddress: localhost:52703}, javascriptEnabled: true, networkConnectionEnabled: false, pageLoadStrategy: normal, platform: WINDOWS, platformName: WINDOWS, proxy: Proxy(), setWindowRect: true, strictFileInteractability: false, timeouts: {implicit: 0, pageLoad: 300000, script: 30000}, unhandledPromptBehavior: dismiss and notify, webauthn:virtualAuthenticators: true}
Session ID: 4088e2c4b5442a92ab1ca06b1c0b88c3
*** Element info: {Using=xpath, value=//h6[text()='Enter your credit card details'0]}
Caused by: org.openqa.selenium.InvalidSelectorException: 
invalid selector: Unable to locate an element with the xpath expression //h6[text()='Enter your credit card details'0] because of the following error:
SyntaxError: Failed to execute 'evaluate' on 'Document': The string '//h6[text()='Enter your credit card details'0]' is not a valid XPath expression.
  (Session info: chrome=86.0.4240.75)
For documentation on this error, please visit: https://www.seleniumhq.org/exceptions/invalid_selector_exception.html
Build info: version: '4.0.0-alpha-3', revision: '8c567de6dc'
System info: host: 'LAPTOP-T2PRLN5Q', ip: '192.168.29.154', os.name: 'Windows 10', os.arch: 'amd64', os.version: '10.0', java.version: '1.8.0_171'
Driver info: org.openqa.selenium.chrome.ChromeDriver
Capabilities {acceptInsecureCerts: false, browserName: chrome, browserVersion: 86.0.4240.75, chrome: {chromedriverVersion: 86.0.4240.22 (398b0743353ff..., userDataDir: C:\Users\Tushar\AppData\Loc...}, goog:chromeOptions: {debuggerAddress: localhost:52703}, javascriptEnabled: true, networkConnectionEnabled: false, pageLoadStrategy: normal, platform: WINDOWS, platformName: WINDOWS, proxy: Proxy(), setWindowRect: true, strictFileInteractability: false, timeouts: {implicit: 0, pageLoad: 300000, script: 30000}, unhandledPromptBehavior: dismiss and notify, webauthn:virtualAuthenticators: true}
Session ID: 4088e2c4b5442a92ab1ca06b1c0b88c3
*** Element info: {Using=xpath, value=//h6[text()='Enter your credit card details'0]}
</failure>
    <system-out><![CDATA[Feature: Flight Booking validation in ClearTrip

  @ClearTrip_TC01
  Scenario Outline: Validation of flight booking in ClearTrip portal                                             # FeatureFile/TicketBook.feature:7
    Given User select Round Trip radio button in Search Flight screen
    When User enter Departure city in "<Departure City>" and Destination place in "<Destination City>" textfield
    And User select Departure Date as "<DepartureDate>" and Return Date as "<ReturnDate>"
    And User click on Search Flight button
    Then User select Non Stop flights and click on Book button
    And User enter below Passenger Details
    And User validate Payment Screen

    Examples: 

  Background:                                                            # FeatureFile/TicketBook.feature:3
    Given User login to the application url "https://www.cleartrip.com/" # TicketBookStep.user_login_to_the_application_url(String)

  @ClearTrip_TC01
  Scenario Outline: Validation of flight booking in ClearTrip portal                             # FeatureFile/TicketBook.feature:23
    Given User select Round Trip radio button in Search Flight screen                            # TicketBookStep.selectRadioButton()
    When User enter Departure city in "Bangalore" and Destination place in "New Delhi" textfield # TicketBookStep.cityEntering(String,String)
    And User select Departure Date as "18" and Return Date as "24"                               # TicketBookStep.travelDate(String,String)
    And User click on Search Flight button                                                       # TicketBookStep.flightBookButton()
    Then User select Non Stop flights and click on Book button                                   # TicketBookStep.user_select_Non_Stop_flights_and_click_on_Book_button()
    And User enter below Passenger Details                                                       # TicketBookStep.user_enter_below_Passenger_Details(DataTable)
    And User validate Payment Screen                                                             # TicketBookStep.validatePaymentScreen()
      org.openqa.selenium.InvalidSelectorException: invalid selector: Unable to locate an element with the xpath expression //h6[text()='Enter your credit card details'0] because of the following error:
      SyntaxError: Failed to execute 'evaluate' on 'Document': The string '//h6[text()='Enter your credit card details'0]' is not a valid XPath expression.
        (Session info: chrome=86.0.4240.75)
      For documentation on this error, please visit: https://www.seleniumhq.org/exceptions/invalid_selector_exception.html
      Build info: version: '4.0.0-alpha-3', revision: '8c567de6dc'
      System info: host: 'LAPTOP-T2PRLN5Q', ip: '192.168.29.154', os.name: 'Windows 10', os.arch: 'amd64', os.version: '10.0', java.version: '1.8.0_171'
      Driver info: org.openqa.selenium.chrome.ChromeDriver
      Capabilities {acceptInsecureCerts: false, browserName: chrome, browserVersion: 86.0.4240.75, chrome: {chromedriverVersion: 86.0.4240.22 (398b0743353ff..., userDataDir: C:\Users\Tushar\AppData\Loc...}, goog:chromeOptions: {debuggerAddress: localhost:52703}, javascriptEnabled: true, networkConnectionEnabled: false, pageLoadStrategy: normal, platform: WINDOWS, platformName: WINDOWS, proxy: Proxy(), setWindowRect: true, strictFileInteractability: false, timeouts: {implicit: 0, pageLoad: 300000, script: 30000}, unhandledPromptBehavior: dismiss and notify, webauthn:virtualAuthenticators: true}
      Session ID: 4088e2c4b5442a92ab1ca06b1c0b88c3
      *** Element info: {Using=xpath, value=//h6[text()='Enter your credit card details'0]}
      	at sun.reflect.NativeConstructorAccessorImpl.newInstance0(Native Method)
      	at sun.reflect.NativeConstructorAccessorImpl.newInstance(NativeConstructorAccessorImpl.java:62)
      	at sun.reflect.DelegatingConstructorAccessorImpl.newInstance(DelegatingConstructorAccessorImpl.java:45)
      	at java.lang.reflect.Constructor.newInstance(Constructor.java:423)
      	at org.openqa.selenium.remote.codec.w3c.W3CHttpResponseCodec.createException(W3CHttpResponseCodec.java:191)
      	at org.openqa.selenium.remote.codec.w3c.W3CHttpResponseCodec.decode(W3CHttpResponseCodec.java:125)
      	at org.openqa.selenium.remote.codec.w3c.W3CHttpResponseCodec.decode(W3CHttpResponseCodec.java:52)
      	at org.openqa.selenium.remote.HttpCommandExecutor.execute(HttpCommandExecutor.java:161)
      	at org.openqa.selenium.remote.service.DriverCommandExecutor.execute(DriverCommandExecutor.java:83)
      	at org.openqa.selenium.remote.RemoteWebDriver.execute(RemoteWebDriver.java:576)
      	at org.openqa.selenium.remote.RemoteWebDriver.findElement(RemoteWebDriver.java:327)
      	at org.openqa.selenium.remote.RemoteWebDriver.findElementByXPath(RemoteWebDriver.java:445)
      	at org.openqa.selenium.By$ByXPath.findElement(By.java:396)
      	at org.openqa.selenium.remote.RemoteWebDriver.findElement(RemoteWebDriver.java:319)
      	at org.openqa.selenium.support.pagefactory.DefaultElementLocator.findElement(DefaultElementLocator.java:70)
      	at org.openqa.selenium.support.pagefactory.internal.LocatingElementHandler.invoke(LocatingElementHandler.java:39)
      	at com.sun.proxy.$Proxy18.isDisplayed(Unknown Source)
      	at com.automation.Pages.PassengerDetails.paymentScreenValidation(PassengerDetails.java:98)
      	at com.automation.StepDef.TicketBookStep.validatePaymentScreen(TicketBookStep.java:82)
      	at ?.And User validate Payment Screen(FeatureFile/TicketBook.feature:20)

]]></system-out>
    <system-err><![CDATA[SLF4J: Failed to load class "org.slf4j.impl.StaticLoggerBinder".
SLF4J: Defaulting to no-operation (NOP) logger implementation
SLF4J: See http://www.slf4j.org/codes.html#StaticLoggerBinder for further details.
Oct 13, 2020 10:32:09 PM java.util.prefs.WindowsPreferences <init>
WARNING: Could not open/create prefs root node Software\JavaSoft\Prefs at root 0x80000002. Windows RegCreateKeyEx(...) returned error code 5.
Starting ChromeDriver 86.0.4240.22 (398b0743353ff36fb1b82468f63a3a93b4e2e89e-refs/branch-heads/4240@{#378}) on port 33006
Only local connections are allowed.
Please see https://chromedriver.chromium.org/security-considerations for suggestions on keeping ChromeDriver safe.
ChromeDriver was started successfully.
[1602608531.570][WARNING]: Deprecated chrome option is ignored: useAutomationExtension
[1602608531.570][WARNING]: Deprecated chrome option is ignored: useAutomationExtension
Oct 13, 2020 10:32:14 PM org.openqa.selenium.remote.ProtocolHandshake createSession
INFO: Detected dialect: W3C
]]></system-err>
  </testcase>
</testsuite>